#
# There is insufficient memory for the Java Runtime Environment to continue.
# Native memory allocation (mmap) failed to map 22020096 bytes for G1 virtual space
# Possible reasons:
#   The system is out of physical RAM or swap space
#   The process is running with CompressedOops enabled, and the Java Heap may be blocking the growth of the native heap
# Possible solutions:
#   Reduce memory load on the system
#   Increase physical memory or swap space
#   Check if swap backing store is full
#   Decrease Java heap size (-Xmx/-Xms)
#   Decrease number of Java threads
#   Decrease Java thread stack sizes (-Xss)
#   Set larger code cache with -XX:ReservedCodeCacheSize=
#   JVM is running with Unscaled Compressed Oops mode in which the Java heap is
#     placed in the first 4GB address space. The Java Heap base address is the
#     maximum limit for the native heap growth. Please use -XX:HeapBaseMinAddress
#     to set the Java Heap base and to place the Java Heap above 4GB virtual address.
# This output file may be truncated or incomplete.
#
#  Out of Memory Error (os_windows.cpp:3466), pid=6872, tid=4716
#
# JRE version: Java(TM) SE Runtime Environment (16.0.1+9) (build 16.0.1+9-24)
# Java VM: Java HotSpot(TM) 64-Bit Server VM (16.0.1+9-24, mixed mode, sharing, tiered, compressed oops, compressed class ptrs, g1 gc, windows-amd64)
# No core dump will be written. Minidumps are not enabled by default on client versions of Windows
#

---------------  S U M M A R Y ------------

Command Line: -Dfile.encoding=UTF-8 -XX:+ShowCodeDetailsInExceptionMessages com.finalproject.supermarket.SupermarketApplication

Host: Intel(R) Core(TM) i5-9300H CPU @ 2.40GHz, 8 cores, 7G,  Windows 10 , 64 bit Build 19041 (10.0.19041.1023)
Time: Fri Jul  2 19:31:33 2021 Hora oficial do Brasil elapsed time: 2.837985 seconds (0d 0h 0m 2s)

---------------  T H R E A D  ---------------

Current thread (0x000001bed23d5b90):  VMThread "VM Thread" [stack: 0x0000005461600000,0x0000005461700000] [id=4716]

Stack: [0x0000005461600000,0x0000005461700000]
Native frames: (J=compiled Java code, j=interpreted, Vv=VM code, C=native code)
V  [jvm.dll+0x6687ca]
V  [jvm.dll+0x7ca3c9]
V  [jvm.dll+0x7cbb53]
V  [jvm.dll+0x7cc1b3]
V  [jvm.dll+0x242ea5]
V  [jvm.dll+0x665589]
V  [jvm.dll+0x65a175]
V  [jvm.dll+0x2fc5ab]
V  [jvm.dll+0x3037a6]
V  [jvm.dll+0x352fee]
V  [jvm.dll+0x35321f]
V  [jvm.dll+0x2d3618]
V  [jvm.dll+0x2d11a5]
V  [jvm.dll+0x2d07dc]
V  [jvm.dll+0x3158c2]
V  [jvm.dll+0x7d05eb]
V  [jvm.dll+0x7d12e4]
V  [jvm.dll+0x7d17e9]
V  [jvm.dll+0x7d1aa4]
V  [jvm.dll+0x7d1b70]
V  [jvm.dll+0x779b4a]
V  [jvm.dll+0x667666]
C  [ucrtbase.dll+0x21bb2]
C  [KERNEL32.DLL+0x17034]
C  [ntdll.dll+0x52651]

VM_Operation (0x0000005462bfc610): G1CollectForAllocation, mode: safepoint, requested by thread 0x000001bed3a92100


---------------  P R O C E S S  ---------------

Threads class SMR info:
_java_thread_list=0x000001bed4881350, length=16, elements={
0x000001beb44c9bb0, 0x000001bed23d97e0, 0x000001bed23dc2c0, 0x000001bed23e9400,
0x000001bed23e9b20, 0x000001bed23ec240, 0x000001bed23f8e80, 0x000001bed23fdcd0,
0x000001bed23fe7e0, 0x000001bed2408e30, 0x000001bed30c6930, 0x000001bed30d82c0,
0x000001bed38ea100, 0x000001bed38ea660, 0x000001bed3b65930, 0x000001bed3a92100
}

Java Threads: ( => current thread )
  0x000001beb44c9bb0 JavaThread "main" [_thread_blocked, id=9976, stack(0x0000005461000000,0x0000005461100000)]
  0x000001bed23d97e0 JavaThread "Reference Handler" daemon [_thread_blocked, id=9520, stack(0x0000005461700000,0x0000005461800000)]
  0x000001bed23dc2c0 JavaThread "Finalizer" daemon [_thread_blocked, id=940, stack(0x0000005461800000,0x0000005461900000)]
  0x000001bed23e9400 JavaThread "Signal Dispatcher" daemon [_thread_blocked, id=11268, stack(0x0000005461900000,0x0000005461a00000)]
  0x000001bed23e9b20 JavaThread "Attach Listener" daemon [_thread_blocked, id=12700, stack(0x0000005461a00000,0x0000005461b00000)]
  0x000001bed23ec240 JavaThread "Service Thread" daemon [_thread_blocked, id=7440, stack(0x0000005461b00000,0x0000005461c00000)]
  0x000001bed23f8e80 JavaThread "Monitor Deflation Thread" daemon [_thread_blocked, id=9684, stack(0x0000005461c00000,0x0000005461d00000)]
  0x000001bed23fdcd0 JavaThread "C2 CompilerThread0" daemon [_thread_in_native, id=4420, stack(0x0000005461d00000,0x0000005461e00000)]
  0x000001bed23fe7e0 JavaThread "C1 CompilerThread0" daemon [_thread_blocked, id=8584, stack(0x0000005461e00000,0x0000005461f00000)]
  0x000001bed2408e30 JavaThread "Sweeper thread" daemon [_thread_blocked, id=2332, stack(0x0000005461f00000,0x0000005462000000)]
  0x000001bed30c6930 JavaThread "Notification Thread" daemon [_thread_blocked, id=4396, stack(0x0000005462000000,0x0000005462100000)]
  0x000001bed30d82c0 JavaThread "Common-Cleaner" daemon [_thread_blocked, id=8, stack(0x0000005462200000,0x0000005462300000)]
  0x000001bed38ea100 JavaThread "C2 CompilerThread1" daemon [_thread_in_native, id=9264, stack(0x0000005462300000,0x0000005462400000)]
  0x000001bed38ea660 JavaThread "C2 CompilerThread2" daemon [_thread_in_native, id=12140, stack(0x0000005462400000,0x0000005462500000)]
  0x000001bed3b65930 JavaThread "Thread-0" [_thread_blocked, id=1716, stack(0x0000005462a00000,0x0000005462b00000)]
  0x000001bed3a92100 JavaThread "restartedMain" [_thread_blocked, id=10864, stack(0x0000005462b00000,0x0000005462c00000)]

Other Threads:
=>0x000001bed23d5b90 VMThread "VM Thread" [stack: 0x0000005461600000,0x0000005461700000] [id=4716]
  0x000001bed30ca690 WatcherThread [stack: 0x0000005462100000,0x0000005462200000] [id=6748]
  0x000001beb45056c0 GCTaskThread "GC Thread#0" [stack: 0x0000005461100000,0x0000005461200000] [id=8372]
  0x000001bed3da9a50 GCTaskThread "GC Thread#1" [stack: 0x0000005462500000,0x0000005462600000] [id=5400]
  0x000001bed3bfec90 GCTaskThread "GC Thread#2" [stack: 0x0000005462600000,0x0000005462700000] [id=10576]
  0x000001bed3b0ba30 GCTaskThread "GC Thread#3" [stack: 0x0000005462700000,0x0000005462800000] [id=5324]
  0x000001bed3b0bd40 GCTaskThread "GC Thread#4" [stack: 0x0000005462800000,0x0000005462900000] [id=4276]
  0x000001bed36fae30 GCTaskThread "GC Thread#5" [stack: 0x0000005462900000,0x0000005462a00000] [id=6288]
  0x000001bed5b0fd60 GCTaskThread "GC Thread#6" [stack: 0x0000005462e00000,0x0000005462f00000] [id=2752]
  0x000001bed5b54430 GCTaskThread "GC Thread#7" [stack: 0x0000005462f00000,0x0000005463000000] [id=5568]
  0x000001beb4516200 ConcurrentGCThread "G1 Main Marker" [stack: 0x0000005461200000,0x0000005461300000] [id=9728]
  0x000001beb4516c70 ConcurrentGCThread "G1 Conc#0" [stack: 0x0000005461300000,0x0000005461400000] [id=9396]
  0x000001bed4b8fb60 ConcurrentGCThread "G1 Conc#1" [stack: 0x0000005462c00000,0x0000005462d00000] [id=8216]
  0x000001bed2290090 ConcurrentGCThread "G1 Refine#0" [stack: 0x0000005461400000,0x0000005461500000] [id=12000]
  0x000001beb4597280 ConcurrentGCThread "G1 Service" [stack: 0x0000005461500000,0x0000005461600000] [id=5628]

Threads with active compile tasks:
C2 CompilerThread0     2863 3391       4       org.springframework.beans.factory.support.AbstractBeanFactory::isFactoryBean (60 bytes)
C1 CompilerThread0     2863 3673       2       java.lang.CompoundEnumeration::next (58 bytes)
C2 CompilerThread1     2863 3559       4       org.springframework.beans.factory.support.AbstractBeanFactory::isTypeMatch (607 bytes)
C2 CompilerThread2     2863 3452       4       org.springframework.beans.factory.support.AbstractAutowireCapableBeanFactory::predictBeanType (126 bytes)

VM state: at safepoint (normal execution)

VM Mutex/Monitor currently owned by a thread:  ([mutex/lock_event])
[0x000001beb44c5db0] Threads_lock - owner thread: 0x000001bed23d5b90
[0x000001beb44c6860] Heap_lock - owner thread: 0x000001bed3a92100

Heap address: 0x0000000082800000, size: 2008 MB, Compressed Oops mode: 32-bit

CDS archive(s) mapped at: [0x0000000800000000-0x0000000800bb0000-0x0000000800bb0000), size 12255232, SharedBaseAddress: 0x0000000800000000, ArchiveRelocationMode: 0.
Compressed class space mapped at: 0x0000000800c00000-0x0000000840c00000, reserved size: 1073741824
Narrow klass base: 0x0000000800000000, Narrow klass shift: 3, Narrow klass range: 0x100000000

GC Precious Log:
 CPUs: 8 total, 8 available
 Memory: 8029M
 Large Page Support: Disabled
 NUMA Support: Disabled
 Compressed Oops: Enabled (32-bit)
 Heap Region Size: 1M
 Heap Min Capacity: 8M
 Heap Initial Capacity: 126M
 Heap Max Capacity: 2008M
 Pre-touch: Disabled
 Parallel Workers: 8
 Concurrent Workers: 2
 Concurrent Refinement Workers: 8
 Periodic GC: Disabled

Heap:
 garbage-first heap   total 74752K, used 16077K [0x0000000082800000, 0x0000000100000000)
  region size 1024K, 1 young (1024K), 1 survivors (1024K)
 Metaspace       used 28457K, committed 28800K, reserved 1081344K
  class space    used 3668K, committed 3840K, reserved 1048576K

Heap Regions: E=young(eden), S=young(survivor), O=old, HS=humongous(starts), HC=humongous(continues), CS=collection set, F=free, OA=open archive, CA=closed archive, TAMS=top-at-mark-start (previous, next)
|   0|0x0000000082800000, 0x0000000082900000, 0x0000000082900000|100%|HS|  |TAMS 0x0000000082900000, 0x0000000082800000| Complete 
|   1|0x0000000082900000, 0x0000000082a00000, 0x0000000082a00000|100%| O|  |TAMS 0x0000000082a00000, 0x0000000082900000| Untracked 
|   2|0x0000000082a00000, 0x0000000082b00000, 0x0000000082b00000|100%| O|  |TAMS 0x0000000082b00000, 0x0000000082a00000| Untracked 
|   3|0x0000000082b00000, 0x0000000082c00000, 0x0000000082c00000|100%| O|  |TAMS 0x0000000082c00000, 0x0000000082b00000| Untracked 
|   4|0x0000000082c00000, 0x0000000082d00000, 0x0000000082d00000|100%| O|  |TAMS 0x0000000082d00000, 0x0000000082c00000| Untracked 
|   5|0x0000000082d00000, 0x0000000082e00000, 0x0000000082e00000|100%| O|  |TAMS 0x0000000082e00000, 0x0000000082d00000| Untracked 
|   6|0x0000000082e00000, 0x0000000082e91600, 0x0000000082f00000| 56%| O|  |TAMS 0x0000000082e91600, 0x0000000082e00000| Untracked 
|   7|0x0000000082f00000, 0x0000000083000000, 0x0000000083000000|100%| O|  |TAMS 0x0000000082f00000, 0x0000000082f00000| Untracked 
|   8|0x0000000083000000, 0x0000000083100000, 0x0000000083100000|100%| O|  |TAMS 0x0000000083000000, 0x0000000083000000| Untracked 
|   9|0x0000000083100000, 0x0000000083200000, 0x0000000083200000|100%| O|  |TAMS 0x0000000083100000, 0x0000000083100000| Untracked 
|  10|0x0000000083200000, 0x0000000083300000, 0x0000000083300000|100%| O|  |TAMS 0x0000000083200000, 0x0000000083200000| Untracked 
|  11|0x0000000083300000, 0x0000000083400000, 0x0000000083400000|100%| O|  |TAMS 0x0000000083300000, 0x0000000083300000| Untracked 
|  12|0x0000000083400000, 0x0000000083500000, 0x0000000083500000|100%| O|  |TAMS 0x0000000083400000, 0x0000000083400000| Untracked 
|  13|0x0000000083500000, 0x0000000083600000, 0x0000000083600000|100%| O|  |TAMS 0x0000000083500000, 0x0000000083500000| Untracked 
|  14|0x0000000083600000, 0x0000000083700000, 0x0000000083700000|100%| O|  |TAMS 0x0000000083600000, 0x0000000083600000| Untracked 
|  15|0x0000000083700000, 0x0000000083800000, 0x0000000083800000|100%| O|  |TAMS 0x0000000083700000, 0x0000000083700000| Untracked 
|  16|0x0000000083800000, 0x0000000083800000, 0x0000000083900000|  0%| F|  |TAMS 0x0000000083800000, 0x0000000083800000| Untracked 
|  17|0x0000000083900000, 0x0000000083900000, 0x0000000083a00000|  0%| F|  |TAMS 0x0000000083900000, 0x0000000083900000| Untracked 
|  18|0x0000000083a00000, 0x0000000083a00000, 0x0000000083b00000|  0%| F|  |TAMS 0x0000000083a00000, 0x0000000083a00000| Untracked 
|  19|0x0000000083b00000, 0x0000000083b00000, 0x0000000083c00000|  0%| F|  |TAMS 0x0000000083b00000, 0x0000000083b00000| Untracked 
|  20|0x0000000083c00000, 0x0000000083c00000, 0x0000000083d00000|  0%| F|  |TAMS 0x0000000083c00000, 0x0000000083c00000| Untracked 
|  21|0x0000000083d00000, 0x0000000083d00000, 0x0000000083e00000|  0%| F|  |TAMS 0x0000000083d00000, 0x0000000083d00000| Untracked 
|  22|0x0000000083e00000, 0x0000000083e00000, 0x0000000083f00000|  0%| F|  |TAMS 0x0000000083e00000, 0x0000000083e00000| Untracked 
|  23|0x0000000083f00000, 0x0000000083f00000, 0x0000000084000000|  0%| F|  |TAMS 0x0000000083f00000, 0x0000000083f00000| Untracked 
|  24|0x0000000084000000, 0x0000000084000000, 0x0000000084100000|  0%| F|  |TAMS 0x0000000084000000, 0x0000000084000000| Untracked 
|  25|0x0000000084100000, 0x0000000084100000, 0x0000000084200000|  0%| F|  |TAMS 0x0000000084100000, 0x0000000084100000| Untracked 
|  26|0x0000000084200000, 0x0000000084221e70, 0x0000000084300000| 13%| S|CS|TAMS 0x0000000084200000, 0x0000000084200000| Complete 
|  27|0x0000000084300000, 0x0000000084300000, 0x0000000084400000|  0%| F|  |TAMS 0x0000000084300000, 0x0000000084300000| Untracked 
|  28|0x0000000084400000, 0x0000000084400000, 0x0000000084500000|  0%| F|  |TAMS 0x0000000084400000, 0x0000000084400000| Untracked 
|  29|0x0000000084500000, 0x0000000084500000, 0x0000000084600000|  0%| F|  |TAMS 0x0000000084500000, 0x0000000084500000| Untracked 
|  30|0x0000000084600000, 0x0000000084600000, 0x0000000084700000|  0%| F|  |TAMS 0x0000000084600000, 0x0000000084600000| Untracked 
|  31|0x0000000084700000, 0x0000000084700000, 0x0000000084800000|  0%| F|  |TAMS 0x0000000084700000, 0x0000000084700000| Untracked 
|  32|0x0000000084800000, 0x0000000084800000, 0x0000000084900000|  0%| F|  |TAMS 0x0000000084800000, 0x0000000084800000| Untracked 
|  33|0x0000000084900000, 0x0000000084900000, 0x0000000084a00000|  0%| F|  |TAMS 0x0000000084900000, 0x0000000084900000| Untracked 
|  34|0x0000000084a00000, 0x0000000084a00000, 0x0000000084b00000|  0%| F|  |TAMS 0x0000000084a00000, 0x0000000084a00000| Untracked 
|  35|0x0000000084b00000, 0x0000000084b00000, 0x0000000084c00000|  0%| F|  |TAMS 0x0000000084b00000, 0x0000000084b00000| Untracked 
|  36|0x0000000084c00000, 0x0000000084c00000, 0x0000000084d00000|  0%| F|  |TAMS 0x0000000084c00000, 0x0000000084c00000| Untracked 
|  37|0x0000000084d00000, 0x0000000084d00000, 0x0000000084e00000|  0%| F|  |TAMS 0x0000000084d00000, 0x0000000084d00000| Untracked 
|  38|0x0000000084e00000, 0x0000000084e00000, 0x0000000084f00000|  0%| F|  |TAMS 0x0000000084e00000, 0x0000000084e00000| Untracked 
|  39|0x0000000084f00000, 0x0000000084f00000, 0x0000000085000000|  0%| F|  |TAMS 0x0000000084f00000, 0x0000000084f00000| Untracked 
|  40|0x0000000085000000, 0x0000000085000000, 0x0000000085100000|  0%| F|  |TAMS 0x0000000085000000, 0x0000000085000000| Untracked 
|  41|0x0000000085100000, 0x0000000085100000, 0x0000000085200000|  0%| F|  |TAMS 0x0000000085100000, 0x0000000085100000| Untracked 
|  42|0x0000000085200000, 0x0000000085200000, 0x0000000085300000|  0%| F|  |TAMS 0x0000000085200000, 0x0000000085200000| Untracked 
|  43|0x0000000085300000, 0x0000000085300000, 0x0000000085400000|  0%| F|  |TAMS 0x0000000085300000, 0x0000000085300000| Untracked 
|  44|0x0000000085400000, 0x0000000085400000, 0x0000000085500000|  0%| F|  |TAMS 0x0000000085400000, 0x0000000085400000| Untracked 
|  45|0x0000000085500000, 0x0000000085500000, 0x0000000085600000|  0%| F|  |TAMS 0x0000000085500000, 0x0000000085500000| Untracked 
|  46|0x0000000085600000, 0x0000000085600000, 0x0000000085700000|  0%| F|  |TAMS 0x0000000085600000, 0x0000000085600000| Untracked 
|  47|0x0000000085700000, 0x0000000085700000, 0x0000000085800000|  0%| F|  |TAMS 0x0000000085700000, 0x0000000085700000| Untracked 
|  48|0x0000000085800000, 0x0000000085800000, 0x0000000085900000|  0%| F|  |TAMS 0x0000000085800000, 0x0000000085800000| Untracked 
|  49|0x0000000085900000, 0x0000000085900000, 0x0000000085a00000|  0%| F|  |TAMS 0x0000000085900000, 0x0000000085900000| Untracked 
|  50|0x0000000085a00000, 0x0000000085a00000, 0x0000000085b00000|  0%| F|  |TAMS 0x0000000085a00000, 0x0000000085a00000| Untracked 
|  51|0x0000000085b00000, 0x0000000085b00000, 0x0000000085c00000|  0%| F|  |TAMS 0x0000000085b00000, 0x0000000085b00000| Untracked 
|  52|0x0000000085c00000, 0x0000000085c00000, 0x0000000085d00000|  0%| F|  |TAMS 0x0000000085c00000, 0x0000000085c00000| Untracked 
|  53|0x0000000085d00000, 0x0000000085d00000, 0x0000000085e00000|  0%| F|  |TAMS 0x0000000085d00000, 0x0000000085d00000| Untracked 
|  54|0x0000000085e00000, 0x0000000085e00000, 0x0000000085f00000|  0%| F|  |TAMS 0x0000000085e00000, 0x0000000085e00000| Untracked 
|  55|0x0000000085f00000, 0x0000000085f00000, 0x0000000086000000|  0%| F|  |TAMS 0x0000000085f00000, 0x0000000085f00000| Untracked 
|  56|0x0000000086000000, 0x0000000086000000, 0x0000000086100000|  0%| F|  |TAMS 0x0000000086000000, 0x0000000086000000| Untracked 
|  57|0x0000000086100000, 0x0000000086100000, 0x0000000086200000|  0%| F|  |TAMS 0x0000000086100000, 0x0000000086100000| Untracked 
|  58|0x0000000086200000, 0x0000000086200000, 0x0000000086300000|  0%| F|  |TAMS 0x0000000086200000, 0x0000000086200000| Untracked 
|  59|0x0000000086300000, 0x0000000086300000, 0x0000000086400000|  0%| F|  |TAMS 0x0000000086300000, 0x0000000086300000| Untracked 
|  60|0x0000000086400000, 0x0000000086400000, 0x0000000086500000|  0%| F|  |TAMS 0x0000000086400000, 0x0000000086400000| Untracked 
|  61|0x0000000086500000, 0x0000000086500000, 0x0000000086600000|  0%| F|  |TAMS 0x0000000086500000, 0x0000000086500000| Untracked 
|  62|0x0000000086600000, 0x0000000086600000, 0x0000000086700000|  0%| F|  |TAMS 0x0000000086600000, 0x0000000086600000| Untracked 
|  63|0x0000000086700000, 0x0000000086700000, 0x0000000086800000|  0%| F|  |TAMS 0x0000000086700000, 0x0000000086700000| Untracked 
|  64|0x0000000086800000, 0x0000000086800000, 0x0000000086900000|  0%| F|  |TAMS 0x0000000086800000, 0x0000000086800000| Untracked 
|  65|0x0000000086900000, 0x0000000086900000, 0x0000000086a00000|  0%| F|  |TAMS 0x0000000086900000, 0x0000000086900000| Untracked 
|  66|0x0000000086a00000, 0x0000000086a00000, 0x0000000086b00000|  0%| F|  |TAMS 0x0000000086a00000, 0x0000000086a00000| Untracked 
|  67|0x0000000086b00000, 0x0000000086b00000, 0x0000000086c00000|  0%| F|  |TAMS 0x0000000086b00000, 0x0000000086b00000| Untracked 
|  68|0x0000000086c00000, 0x0000000086c00000, 0x0000000086d00000|  0%| F|  |TAMS 0x0000000086c00000, 0x0000000086c00000| Untracked 
|  69|0x0000000086d00000, 0x0000000086d00000, 0x0000000086e00000|  0%| F|  |TAMS 0x0000000086d00000, 0x0000000086d00000| Untracked 
|  70|0x0000000086e00000, 0x0000000086e00000, 0x0000000086f00000|  0%| F|  |TAMS 0x0000000086e00000, 0x0000000086e00000| Untracked 
|  71|0x0000000086f00000, 0x0000000086f00000, 0x0000000087000000|  0%| F|  |TAMS 0x0000000086f00000, 0x0000000086f00000| Untracked 
| 125|0x000000008a500000, 0x000000008a500000, 0x000000008a600000|  0%| F|  |TAMS 0x000000008a500000, 0x000000008a500000| Untracked 

Card table byte_map: [0x000001becb360000,0x000001becb750000] _byte_map_base: 0x000001becaf4c000

Marking Bits (Prev, Next): (CMBitMap*) 0x000001beb4505d70, (CMBitMap*) 0x000001beb4505d30
 Prev Bits: [0x000001becdaa0000, 0x000001becfa00000)
 Next Bits: [0x000001becbb40000, 0x000001becdaa0000)

Polling page: 0x000001beb3ca0000

Metaspace:

Usage:
  Non-class:     24.21 MB used.
      Class:      3.58 MB used.
       Both:     27.79 MB used.

Virtual space:
  Non-class space:       32.00 MB reserved,      24.38 MB ( 76%) committed,  4 nodes.
      Class space:        1.00 GB reserved,       3.75 MB ( <1%) committed,  1 nodes.
              Both:        1.03 GB reserved,      28.12 MB (  3%) committed. 

Chunk freelists:
   Non-Class:  3.41 MB
       Class:  160.00 KB
        Both:  3.56 MB

MaxMetaspaceSize: 17179869184.00 GB
CompressedClassSpaceSize: 1.00 GB
 - commit_granule_bytes: 65536.
 - commit_granule_words: 8192.
 - virtual_space_node_default_size: 1048576.
 - enlarge_chunks_in_place: 1.
 - new_chunks_are_fully_committed: 0.
 - uncommit_free_chunks: 1.
 - use_allocation_guard: 0.
 - handle_deallocations: 1.


Internal statistics:

num_allocs_failed_limit: 3.
num_arena_births: 318.
num_arena_deaths: 0.
num_vsnodes_births: 5.
num_vsnodes_deaths: 0.
num_space_committed: 450.
num_space_uncommitted: 0.
num_chunks_returned_to_freelist: 3.
num_chunks_taken_from_freelist: 1322.
num_chunk_merges: 3.
num_chunk_splits: 904.
num_chunks_enlarged: 679.
num_purges: 0.

CodeHeap 'non-profiled nmethods': size=120000Kb used=1832Kb max_used=1832Kb free=118167Kb
 bounds [0x000001bec3710000, 0x000001bec3980000, 0x000001becac40000]
CodeHeap 'profiled nmethods': size=120000Kb used=8206Kb max_used=8206Kb free=111793Kb
 bounds [0x000001bebc1e0000, 0x000001bebc9f0000, 0x000001bec3710000]
CodeHeap 'non-nmethods': size=5760Kb used=1218Kb max_used=1303Kb free=4541Kb
 bounds [0x000001bebbc40000, 0x000001bebbeb0000, 0x000001bebc1e0000]
 total_blobs=4162 nmethods=3650 adapters=424
 compilation: enabled
              stopped_count=0, restarted_count=0
 full_count=0

Compilation events (20 events):
Event: 2.799 Thread 0x000001bed23fe7e0 nmethod 3662 0x000001bebc9dff90 code [0x000001bebc9e0140, 0x000001bebc9e02c8]
Event: 2.800 Thread 0x000001bed23fe7e0 3664       2       java.nio.file.FileSystems::getDefault (14 bytes)
Event: 2.800 Thread 0x000001bed23fe7e0 nmethod 3664 0x000001bebc9e0410 code [0x000001bebc9e05c0, 0x000001bebc9e0718]
Event: 2.801 Thread 0x000001bed23fe7e0 3665       2       jdk.internal.loader.BuiltinClassLoader$1::hasMoreElements (5 bytes)
Event: 2.801 Thread 0x000001bed23fe7e0 nmethod 3665 0x000001bebc9e0810 code [0x000001bebc9e09c0, 0x000001bebc9e0ae8]
Event: 2.801 Thread 0x000001bed23fe7e0 3666       1       sun.nio.fs.WindowsFileAttributes::fileKey (2 bytes)
Event: 2.801 Thread 0x000001bed23fe7e0 nmethod 3666 0x000001bec38d9d90 code [0x000001bec38d9f20, 0x000001bec38d9ff8]
Event: 2.808 Thread 0x000001bed23fe7e0 3667       2       sun.nio.fs.WindowsPath::getFileSystem (5 bytes)
Event: 2.809 Thread 0x000001bed23fe7e0 nmethod 3667 0x000001bebc9e0b90 code [0x000001bebc9e0d20, 0x000001bebc9e0e38]
Event: 2.810 Thread 0x000001bed23fe7e0 3668   !   2       java.io.File::toPath (54 bytes)
Event: 2.810 Thread 0x000001bed23fe7e0 nmethod 3668 0x000001bebc9e0f10 code [0x000001bebc9e10c0, 0x000001bebc9e1448]
Event: 2.810 Thread 0x000001bed23fe7e0 3669       2       jdk.internal.misc.Unsafe::copyMemory (33 bytes)
Event: 2.811 Thread 0x000001bed23fe7e0 nmethod 3669 0x000001bebc9e1610 code [0x000001bebc9e1840, 0x000001bebc9e1df8]
Event: 2.811 Thread 0x000001bed23fe7e0 3670       2       jdk.internal.misc.Unsafe::copyMemoryChecks (21 bytes)
Event: 2.811 Thread 0x000001bed23fe7e0 nmethod 3670 0x000001bebc9e2210 code [0x000001bebc9e2440, 0x000001bebc9e29c8]
Event: 2.812 Thread 0x000001bed23fe7e0 3671       2       sun.net.www.protocol.jar.JarFileFactory::urlKey (39 bytes)
Event: 2.812 Thread 0x000001bed23fe7e0 nmethod 3671 0x000001bebc9e2d90 code [0x000001bebc9e2fa0, 0x000001bebc9e32c8]
Event: 2.825 Thread 0x000001bed23fe7e0 3672   !   2       java.util.zip.ZipFile::getManifestName (61 bytes)
Event: 2.825 Thread 0x000001bed23fe7e0 nmethod 3672 0x000001bebc9e3490 code [0x000001bebc9e3660, 0x000001bebc9e3918]
Event: 2.826 Thread 0x000001bed23fe7e0 3673       2       java.lang.CompoundEnumeration::next (58 bytes)

GC Heap History (15 events):
Event: 0.394 GC heap before
{Heap before GC invocations=0 (full 0):
 garbage-first heap   total 129024K, used 23552K [0x0000000082800000, 0x0000000100000000)
  region size 1024K, 23 young (23552K), 0 survivors (0K)
 Metaspace       used 4326K, committed 4544K, reserved 1056768K
  class space    used 453K, committed 576K, reserved 1048576K
}
Event: 0.398 GC heap after
{Heap after GC invocations=1 (full 0):
 garbage-first heap   total 129024K, used 6525K [0x0000000082800000, 0x0000000100000000)
  region size 1024K, 3 young (3072K), 3 survivors (3072K)
 Metaspace       used 4326K, committed 4544K, reserved 1056768K
  class space    used 453K, committed 576K, reserved 1048576K
}
Event: 0.407 GC heap before
{Heap before GC invocations=1 (full 0):
 garbage-first heap   total 129024K, used 35197K [0x0000000082800000, 0x0000000100000000)
  region size 1024K, 32 young (32768K), 3 survivors (3072K)
 Metaspace       used 4327K, committed 4544K, reserved 1056768K
  class space    used 453K, committed 576K, reserved 1048576K
}
Event: 0.409 GC heap after
{Heap after GC invocations=2 (full 0):
 garbage-first heap   total 129024K, used 6791K [0x0000000082800000, 0x0000000100000000)
  region size 1024K, 1 young (1024K), 1 survivors (1024K)
 Metaspace       used 4327K, committed 4544K, reserved 1056768K
  class space    used 453K, committed 576K, reserved 1048576K
}
Event: 1.108 GC heap before
{Heap before GC invocations=2 (full 0):
 garbage-first heap   total 129024K, used 81543K [0x0000000082800000, 0x0000000100000000)
  region size 1024K, 75 young (76800K), 1 survivors (1024K)
 Metaspace       used 16946K, committed 17152K, reserved 1064960K
  class space    used 2137K, committed 2240K, reserved 1048576K
}
Event: 1.112 GC heap after
{Heap after GC invocations=3 (full 0):
 garbage-first heap   total 129024K, used 10615K [0x0000000082800000, 0x0000000100000000)
  region size 1024K, 4 young (4096K), 4 survivors (4096K)
 Metaspace       used 16946K, committed 17152K, reserved 1064960K
  class space    used 2137K, committed 2240K, reserved 1048576K
}
Event: 1.616 GC heap before
{Heap before GC invocations=3 (full 0):
 garbage-first heap   total 129024K, used 63863K [0x0000000082800000, 0x0000000100000000)
  region size 1024K, 58 young (59392K), 4 survivors (4096K)
 Metaspace       used 21016K, committed 21248K, reserved 1073152K
  class space    used 2644K, committed 2752K, reserved 1048576K
}
Event: 1.620 GC heap after
{Heap after GC invocations=4 (full 0):
 garbage-first heap   total 129024K, used 12236K [0x0000000082800000, 0x0000000100000000)
  region size 1024K, 6 young (6144K), 6 survivors (6144K)
 Metaspace       used 21016K, committed 21248K, reserved 1073152K
  class space    used 2644K, committed 2752K, reserved 1048576K
}
Event: 2.181 GC heap before
{Heap before GC invocations=5 (full 0):
 garbage-first heap   total 48128K, used 34764K [0x0000000082800000, 0x0000000100000000)
  region size 1024K, 28 young (28672K), 6 survivors (6144K)
 Metaspace       used 24466K, committed 24768K, reserved 1073152K
  class space    used 3134K, committed 3264K, reserved 1048576K
}
Event: 2.189 GC heap after
{Heap after GC invocations=6 (full 0):
 garbage-first heap   total 48128K, used 14091K [0x0000000082800000, 0x0000000100000000)
  region size 1024K, 4 young (4096K), 4 survivors (4096K)
 Metaspace       used 24466K, committed 24768K, reserved 1073152K
  class space    used 3134K, committed 3264K, reserved 1048576K
}
Event: 2.801 GC heap before
{Heap before GC invocations=6 (full 0):
 garbage-first heap   total 48128K, used 34571K [0x0000000082800000, 0x0000000100000000)
  region size 1024K, 24 young (24576K), 4 survivors (4096K)
 Metaspace       used 28453K, committed 28800K, reserved 1081344K
  class space    used 3668K, committed 3840K, reserved 1048576K
}
Event: 2.808 GC heap after
{Heap after GC invocations=7 (full 0):
 garbage-first heap   total 48128K, used 16220K [0x0000000082800000, 0x0000000100000000)
  region size 1024K, 3 young (3072K), 3 survivors (3072K)
 Metaspace       used 28453K, committed 28800K, reserved 1081344K
  class space    used 3668K, committed 3840K, reserved 1048576K
}
Event: 2.816 GC heap before
{Heap before GC invocations=7 (full 0):
 garbage-first heap   total 48128K, used 34652K [0x0000000082800000, 0x0000000100000000)
  region size 1024K, 22 young (22528K), 3 survivors (3072K)
 Metaspace       used 28455K, committed 28800K, reserved 1081344K
  class space    used 3668K, committed 3840K, reserved 1048576K
}
Event: 2.819 GC heap after
{Heap after GC invocations=8 (full 0):
 garbage-first heap   total 48128K, used 16268K [0x0000000082800000, 0x0000000100000000)
  region size 1024K, 1 young (1024K), 1 survivors (1024K)
 Metaspace       used 28455K, committed 28800K, reserved 1081344K
  class space    used 3668K, committed 3840K, reserved 1048576K
}
Event: 2.826 GC heap before
{Heap before GC invocations=8 (full 0):
 garbage-first heap   total 48128K, used 34700K [0x0000000082800000, 0x0000000100000000)
  region size 1024K, 20 young (20480K), 1 survivors (1024K)
 Metaspace       used 28457K, committed 28800K, reserved 1081344K
  class space    used 3668K, committed 3840K, reserved 1048576K
}

Deoptimization events (20 events):
Event: 2.606 Thread 0x000001bed3a92100 DEOPT PACKING pc=0x000001bec37e1228 sp=0x0000005462bfb950
Event: 2.606 Thread 0x000001bed3a92100 DEOPT UNPACKING pc=0x000001bebbc8d72e sp=0x0000005462bfb8c8 mode 2
Event: 2.629 Thread 0x000001bed3a92100 Uncommon trap: trap_request=0xffffff45 fr.pc=0x000001bec37e8e60 relative=0x00000000000002c0
Event: 2.629 Thread 0x000001bed3a92100 Uncommon trap: reason=unstable_if action=reinterpret pc=0x000001bec37e8e60 method=java.util.LinkedHashMap.get(Ljava/lang/Object;)Ljava/lang/Object; @ 16 c2
Event: 2.629 Thread 0x000001bed3a92100 DEOPT PACKING pc=0x000001bec37e8e60 sp=0x0000005462bfdad0
Event: 2.629 Thread 0x000001bed3a92100 DEOPT UNPACKING pc=0x000001bebbc8d72e sp=0x0000005462bfda78 mode 2
Event: 2.755 Thread 0x000001bed3a92100 Uncommon trap: trap_request=0xffffff45 fr.pc=0x000001bec38024d0 relative=0x0000000000000950
Event: 2.755 Thread 0x000001bed3a92100 Uncommon trap: reason=unstable_if action=reinterpret pc=0x000001bec38024d0 method=java.util.Properties.loadConvert([CIILjava/lang/StringBuilder;)Ljava/lang/String; @ 148 c2
Event: 2.755 Thread 0x000001bed3a92100 DEOPT PACKING pc=0x000001bec38024d0 sp=0x0000005462bfd140
Event: 2.755 Thread 0x000001bed3a92100 DEOPT UNPACKING pc=0x000001bebbc8d72e sp=0x0000005462bfd108 mode 2
Event: 2.755 Thread 0x000001bed3a92100 Uncommon trap: trap_request=0xffffff45 fr.pc=0x000001bec378b5ac relative=0x000000000000038c
Event: 2.755 Thread 0x000001bed3a92100 Uncommon trap: reason=unstable_if action=reinterpret pc=0x000001bec378b5ac method=java.lang.StringBuilder.toString()Ljava/lang/String; @ 4 c2
Event: 2.755 Thread 0x000001bed3a92100 DEOPT PACKING pc=0x000001bec378b5ac sp=0x0000005462bfd0c0
Event: 2.755 Thread 0x000001bed3a92100 DEOPT UNPACKING pc=0x000001bebbc8d72e sp=0x0000005462bfd0a0 mode 2
Event: 2.760 Thread 0x000001bed3a92100 DEOPT PACKING pc=0x000001bebc9dc7ee sp=0x0000005462bfd110
Event: 2.760 Thread 0x000001bed3a92100 DEOPT UNPACKING pc=0x000001bebbc8dece sp=0x0000005462bfc600 mode 0
Event: 2.780 Thread 0x000001bed3a92100 DEOPT PACKING pc=0x000001bebc9dc7ee sp=0x0000005462bfd3c0
Event: 2.780 Thread 0x000001bed3a92100 DEOPT UNPACKING pc=0x000001bebbc8dece sp=0x0000005462bfc8b0 mode 0
Event: 2.790 Thread 0x000001bed3a92100 DEOPT PACKING pc=0x000001bebc9dc7ee sp=0x0000005462bfd100
Event: 2.790 Thread 0x000001bed3a92100 DEOPT UNPACKING pc=0x000001bebbc8dece sp=0x0000005462bfc5c8 mode 0

Classes unloaded (0 events):
No events

Classes redefined (0 events):
No events

Internal exceptions (20 events):
Event: 2.252 Thread 0x000001bed3a92100 Exception <a 'java/lang/ClassNotFoundException'{0x0000000086e1e5b8}: org/springframework/beans/factory/config/InstantiationAwareBeanPostProcessorCustomizer> (0x0000000086e1e5b8) 
thrown [t:\workspace\open\src\hotspot\share\classfile\systemDictionary.cpp, line 256]
Event: 2.253 Thread 0x000001bed3a92100 Exception <a 'java/lang/ClassNotFoundException'{0x0000000086e26970}: org/springframework/beans/factory/config/BeanPostProcessorCustomizer> (0x0000000086e26970) 
thrown [t:\workspace\open\src\hotspot\share\classfile\systemDictionary.cpp, line 256]
Event: 2.254 Thread 0x000001bed3a92100 Exception <a 'java/lang/ClassNotFoundException'{0x0000000086e2c5a0}: org/springframework/beans/factory/BeanFactoryAwareCustomizer> (0x0000000086e2c5a0) 
thrown [t:\workspace\open\src\hotspot\share\classfile\systemDictionary.cpp, line 256]
Event: 2.255 Thread 0x000001bed3a92100 Exception <a 'java/lang/ClassNotFoundException'{0x0000000086e32040}: org/springframework/beans/factory/AwareCustomizer> (0x0000000086e32040) 
thrown [t:\workspace\open\src\hotspot\share\classfile\systemDictionary.cpp, line 256]
Event: 2.256 Thread 0x000001bed3a92100 Exception <a 'java/lang/ClassNotFoundException'{0x0000000086e35f70}: org/springframework/core/OrderedCustomizer> (0x0000000086e35f70) 
thrown [t:\workspace\open\src\hotspot\share\classfile\systemDictionary.cpp, line 256]
Event: 2.257 Thread 0x000001bed3a92100 Exception <a 'java/lang/ClassNotFoundException'{0x0000000086e3ae18}: org/springframework/beans/factory/BeanClassLoaderAwareCustomizer> (0x0000000086e3ae18) 
thrown [t:\workspace\open\src\hotspot\share\classfile\systemDictionary.cpp, line 256]
Event: 2.257 Thread 0x000001bed3a92100 Exception <a 'java/lang/ClassNotFoundException'{0x0000000086e3fd48}: org/springframework/beans/factory/AwareCustomizer> (0x0000000086e3fd48) 
thrown [t:\workspace\open\src\hotspot\share\classfile\systemDictionary.cpp, line 256]
Event: 2.258 Thread 0x000001bed3a92100 Exception <a 'java/lang/ClassNotFoundException'{0x0000000086e440b8}: org/springframework/aop/framework/AopInfrastructureBeanCustomizer> (0x0000000086e440b8) 
thrown [t:\workspace\open\src\hotspot\share\classfile\systemDictionary.cpp, line 256]
Event: 2.280 Thread 0x000001bed3a92100 Exception <a 'java/lang/ClassNotFoundException'{0x0000000086d0ab28}: java/lang/ObjectCustomizer> (0x0000000086d0ab28) 
thrown [t:\workspace\open\src\hotspot\share\classfile\systemDictionary.cpp, line 256]
Event: 2.281 Thread 0x000001bed3a92100 Exception <a 'java/lang/ClassNotFoundException'{0x0000000086d13438}: org/springframework/transaction/annotation/AbstractTransactionManagementConfigurationCustomizer> (0x0000000086d13438) 
thrown [t:\workspace\open\src\hotspot\share\classfile\systemDictionary.cpp, line 256]
Event: 2.281 Thread 0x000001bed3a92100 Exception <a 'java/lang/ClassNotFoundException'{0x0000000086d1a878}: org/springframework/transaction/annotation/ProxyTransactionManagementConfigurationCustomizer> (0x0000000086d1a878) 
thrown [t:\workspace\open\src\hotspot\share\classfile\systemDictionary.cpp, line 256]
Event: 2.282 Thread 0x000001bed3a92100 Exception <a 'java/lang/ClassNotFoundException'{0x0000000086d23368}: org/springframework/context/annotation/ImportAwareCustomizer> (0x0000000086d23368) 
thrown [t:\workspace\open\src\hotspot\share\classfile\systemDictionary.cpp, line 256]
Event: 2.283 Thread 0x000001bed3a92100 Exception <a 'java/lang/ClassNotFoundException'{0x0000000086d28ea0}: org/springframework/beans/factory/AwareCustomizer> (0x0000000086d28ea0) 
thrown [t:\workspace\open\src\hotspot\share\classfile\systemDictionary.cpp, line 256]
Event: 2.466 Thread 0x000001bed3a92100 Implicit null exception at 0x000001bec3869160 to 0x000001bec386936c
Event: 2.507 Thread 0x000001bed3a92100 Exception <a 'java/lang/NoSuchMethodError'{0x0000000084ef4820}: 'void java.lang.invoke.DirectMethodHandle$Holder.invokeInterface(java.lang.Object, java.lang.Object, int)'> (0x0000000084ef4820) 
thrown [t:\workspace\open\src\hotspot\share\interpreter\linkResolver.cpp, line 790]
Event: 2.558 Thread 0x000001bed3a92100 Exception <a 'java/lang/IncompatibleClassChangeError'{0x0000000084d47588}: Found class java.lang.Object, but interface was expected> (0x0000000084d47588) 
thrown [t:\workspace\open\src\hotspot\share\interpreter\linkResolver.cpp, line 857]
Event: 2.559 Thread 0x000001bed3a92100 Exception <a 'java/lang/NoSuchMethodError'{0x0000000084d52a68}: 'void java.lang.invoke.DirectMethodHandle$Holder.invokeStatic(java.lang.Object, int, java.lang.Object)'> (0x0000000084d52a68) 
thrown [t:\workspace\open\src\hotspot\share\interpreter\linkResolver.cpp, line 790]
Event: 2.563 Thread 0x000001bed3a92100 Exception <a 'java/lang/NoSuchMethodError'{0x0000000084d829c8}: 'int java.lang.invoke.DirectMethodHandle$Holder.invokeSpecial(java.lang.Object, java.lang.Object, int)'> (0x0000000084d829c8) 
thrown [t:\workspace\open\src\hotspot\share\interpreter\linkResolver.cpp, line 790]
Event: 2.645 Thread 0x000001bed3a92100 Exception <a 'java/lang/NoSuchMethodError'{0x0000000084905928}: 'java.lang.Object java.lang.invoke.DirectMethodHandle$Holder.invokeStaticInit(java.lang.Object, int, int, int, int)'> (0x0000000084905928) 
thrown [t:\workspace\open\src\hotspot\share\interpreter\linkResolver.cpp, line 790]
Event: 2.694 Thread 0x000001bed3a92100 Exception <a 'java/lang/NoSuchMethodError'{0x00000000849ce978}: 'java.lang.Object java.lang.invoke.DirectMethodHandle$Holder.invokeStaticInit(java.lang.Object, java.lang.Object, int, int, int, int)'> (0x00000000849ce978) 
thrown [t:\workspace\open\src\hotspot\share\interpreter\linkResolver.cpp, line 790]

Events (20 events):
Event: 2.770 loading class jdk/internal/logger/LazyLoggers done
Event: 2.770 loading class jdk/internal/logger/LazyLoggers$1
Event: 2.770 loading class jdk/internal/logger/LazyLoggers$1 done
Event: 2.770 loading class jdk/internal/logger/LazyLoggers$LazyLoggerFactories
Event: 2.770 loading class jdk/internal/logger/LazyLoggers$LazyLoggerFactories done
Event: 2.771 loading class jdk/internal/logger/LoggerFinderLoader
Event: 2.771 loading class jdk/internal/logger/LoggerFinderLoader done
Event: 2.771 loading class sun/util/logging/internal/LoggingProviderImpl$JULWrapper
Event: 2.771 loading class sun/util/logging/internal/LoggingProviderImpl$JULWrapper done
Event: 2.782 loading class java/beans/PropertyChangeListenerProxy
Event: 2.782 loading class java/util/EventListenerProxy
Event: 2.782 loading class java/util/EventListenerProxy done
Event: 2.782 loading class java/beans/PropertyChangeListenerProxy done
Event: 2.793 loading class java/security/NoSuchProviderException
Event: 2.793 loading class java/security/NoSuchProviderException done
Event: 2.801 Executing  VM operation: G1CollectForAllocation
Event: 2.808 Executing  VM operation: G1CollectForAllocation done
Event: 2.816 Executing  VM operation: G1CollectForAllocation
Event: 2.819 Executing  VM operation: G1CollectForAllocation done
Event: 2.826 Executing  VM operation: G1CollectForAllocation


Dynamic libraries:
0x00007ff6ce350000 - 0x00007ff6ce360000 	C:\Program Files\Java\jdk-16.0.1\bin\javaw.exe
0x00007ffab9f70000 - 0x00007ffaba165000 	C:\Windows\SYSTEM32\ntdll.dll
0x00007ffab9650000 - 0x00007ffab970d000 	C:\Windows\System32\KERNEL32.DLL
0x00007ffab7d10000 - 0x00007ffab7fd8000 	C:\Windows\System32\KERNELBASE.dll
0x00007ffab79f0000 - 0x00007ffab7af0000 	C:\Windows\System32\ucrtbase.dll
0x00007ffab0580000 - 0x00007ffab0598000 	C:\Program Files\Java\jdk-16.0.1\bin\jli.dll
0x00007ffab03f0000 - 0x00007ffab0409000 	C:\Program Files\Java\jdk-16.0.1\bin\VCRUNTIME140.dll
0x00007ffab9ab0000 - 0x00007ffab9b5c000 	C:\Windows\System32\ADVAPI32.dll
0x00007ffab95b0000 - 0x00007ffab964e000 	C:\Windows\System32\msvcrt.dll
0x00007ffab8790000 - 0x00007ffab882b000 	C:\Windows\System32\sechost.dll
0x00007ffab9710000 - 0x00007ffab983b000 	C:\Windows\System32\RPCRT4.dll
0x00007ffab9860000 - 0x00007ffab9a00000 	C:\Windows\System32\USER32.dll
0x00007ffab79c0000 - 0x00007ffab79e2000 	C:\Windows\System32\win32u.dll
0x00007ffaa97c0000 - 0x00007ffaa9a5a000 	C:\Windows\WinSxS\amd64_microsoft.windows.common-controls_6595b64144ccf1df_6.0.19041.1052_none_60b8f8fd71f5e8cb\COMCTL32.dll
0x00007ffab8ca0000 - 0x00007ffab8cca000 	C:\Windows\System32\GDI32.dll
0x00007ffab7af0000 - 0x00007ffab7bfb000 	C:\Windows\System32\gdi32full.dll
0x00007ffab78f0000 - 0x00007ffab798d000 	C:\Windows\System32\msvcp_win.dll
0x00007ffab1a60000 - 0x00007ffab1a6a000 	C:\Windows\SYSTEM32\VERSION.dll
0x00007ffab9440000 - 0x00007ffab9470000 	C:\Windows\System32\IMM32.DLL
0x00007ffab1560000 - 0x00007ffab156c000 	C:\Program Files\Java\jdk-16.0.1\bin\vcruntime140_1.dll
0x00007ffaa7290000 - 0x00007ffaa7321000 	C:\Program Files\Java\jdk-16.0.1\bin\msvcp140.dll
0x00007ffa83470000 - 0x00007ffa8401b000 	C:\Program Files\Java\jdk-16.0.1\bin\server\jvm.dll
0x00007ffab7fe0000 - 0x00007ffab7fe8000 	C:\Windows\System32\PSAPI.DLL
0x00007ffa9f590000 - 0x00007ffa9f5b7000 	C:\Windows\SYSTEM32\WINMM.dll
0x00007ffaa0490000 - 0x00007ffaa0499000 	C:\Windows\SYSTEM32\WSOCK32.dll
0x00007ffab9c70000 - 0x00007ffab9cdb000 	C:\Windows\System32\WS2_32.dll
0x00007ffab5600000 - 0x00007ffab5612000 	C:\Windows\SYSTEM32\kernel.appcore.dll
0x00007ffab0830000 - 0x00007ffab083a000 	C:\Program Files\Java\jdk-16.0.1\bin\jimage.dll
0x00007ffaa0080000 - 0x00007ffaa0264000 	C:\Windows\SYSTEM32\DBGHELP.DLL
0x00007ffaa0030000 - 0x00007ffaa005c000 	C:\Windows\SYSTEM32\dbgcore.DLL
0x00007ffab7700000 - 0x00007ffab7783000 	C:\Windows\System32\bcryptPrimitives.dll
0x00007ffab03c0000 - 0x00007ffab03e5000 	C:\Program Files\Java\jdk-16.0.1\bin\java.dll
0x00007ffab8050000 - 0x00007ffab878f000 	C:\Windows\System32\SHELL32.dll
0x00007ffab5800000 - 0x00007ffab5f90000 	C:\Windows\SYSTEM32\windows.storage.dll
0x00007ffab9080000 - 0x00007ffab93d5000 	C:\Windows\System32\combase.dll
0x00007ffab7120000 - 0x00007ffab714c000 	C:\Windows\SYSTEM32\Wldp.dll
0x00007ffab9b60000 - 0x00007ffab9c0e000 	C:\Windows\System32\SHCORE.dll
0x00007ffab7ff0000 - 0x00007ffab8045000 	C:\Windows\System32\shlwapi.dll
0x00007ffab75f0000 - 0x00007ffab760f000 	C:\Windows\SYSTEM32\profapi.dll
0x00007ffaad810000 - 0x00007ffaad829000 	C:\Program Files\Java\jdk-16.0.1\bin\net.dll
0x00007ffaa7fa0000 - 0x00007ffaa80ab000 	C:\Windows\SYSTEM32\WINHTTP.dll
0x00007ffab6e90000 - 0x00007ffab6efa000 	C:\Windows\system32\mswsock.dll
0x00007ffaac050000 - 0x00007ffaac063000 	C:\Program Files\Java\jdk-16.0.1\bin\nio.dll
0x00007ffaa9760000 - 0x00007ffaa9778000 	C:\Program Files\Java\jdk-16.0.1\bin\zip.dll
0x00007ffab04d0000 - 0x00007ffab04e0000 	C:\Program Files\Java\jdk-16.0.1\bin\verify.dll
0x00007ffaad880000 - 0x00007ffaad889000 	C:\Program Files\Java\jdk-16.0.1\bin\management.dll
0x00007ffaad800000 - 0x00007ffaad80b000 	C:\Program Files\Java\jdk-16.0.1\bin\management_ext.dll
0x00007ffab05c0000 - 0x00007ffab05d7000 	C:\Windows\system32\napinsp.dll
0x00007ffab05a0000 - 0x00007ffab05bb000 	C:\Windows\system32\pnrpnsp.dll
0x00007ffa99880000 - 0x00007ffa99895000 	C:\Windows\system32\wshbth.dll
0x00007ffab3110000 - 0x00007ffab312d000 	C:\Windows\system32\NLAapi.dll
0x00007ffab6b30000 - 0x00007ffab6b6b000 	C:\Windows\SYSTEM32\IPHLPAPI.DLL
0x00007ffab6b70000 - 0x00007ffab6c3c000 	C:\Windows\SYSTEM32\DNSAPI.dll
0x00007ffab8e30000 - 0x00007ffab8e38000 	C:\Windows\System32\NSI.dll
0x00007ffab04b0000 - 0x00007ffab04c2000 	C:\Windows\System32\winrnr.dll
0x00007ffaa5d40000 - 0x00007ffaa5d4a000 	C:\Windows\System32\rasadhlp.dll
0x00007ffaa7a90000 - 0x00007ffaa7b0f000 	C:\Windows\System32\fwpuclnt.dll
0x00007ffab7990000 - 0x00007ffab79b7000 	C:\Windows\System32\bcrypt.dll
0x00007ffab7060000 - 0x00007ffab7078000 	C:\Windows\SYSTEM32\CRYPTSP.dll
0x00007ffab67c0000 - 0x00007ffab67f4000 	C:\Windows\system32\rsaenh.dll
0x00007ffab75b0000 - 0x00007ffab75de000 	C:\Windows\SYSTEM32\USERENV.dll
0x00007ffab7080000 - 0x00007ffab708c000 	C:\Windows\SYSTEM32\CRYPTBASE.dll
0x00007ffab0bd0000 - 0x00007ffab0be7000 	C:\Windows\SYSTEM32\dhcpcsvc6.DLL
0x00007ffab0fd0000 - 0x00007ffab0fed000 	C:\Windows\SYSTEM32\dhcpcsvc.DLL

dbghelp: loaded successfully - version: 4.0.5 - missing functions: none
symbol engine: initialized successfully - sym options: 0x614 - pdb path: .;C:\Program Files\Java\jdk-16.0.1\bin;C:\Windows\SYSTEM32;C:\Windows\WinSxS\amd64_microsoft.windows.common-controls_6595b64144ccf1df_6.0.19041.1052_none_60b8f8fd71f5e8cb;C:\Program Files\Java\jdk-16.0.1\bin\server

VM Arguments:
jvm_args: -Dfile.encoding=UTF-8 -XX:+ShowCodeDetailsInExceptionMessages 
java_command: com.finalproject.supermarket.SupermarketApplication
java_class_path (initial): C:\Users\pedro\Desktop\Projetos-Git\Spring\Final-Project-Supermarket\supermarket\target\classes;C:\Users\pedro\.m2\repository\org\springframework\boot\spring-boot-starter-web\2.5.2\spring-boot-starter-web-2.5.2.jar;C:\Users\pedro\.m2\repository\org\springframework\boot\spring-boot-starter\2.5.2\spring-boot-starter-2.5.2.jar;C:\Users\pedro\.m2\repository\org\springframework\boot\spring-boot-starter-logging\2.5.2\spring-boot-starter-logging-2.5.2.jar;C:\Users\pedro\.m2\repository\ch\qos\logback\logback-classic\1.2.3\logback-classic-1.2.3.jar;C:\Users\pedro\.m2\repository\ch\qos\logback\logback-core\1.2.3\logback-core-1.2.3.jar;C:\Users\pedro\.m2\repository\org\apache\logging\log4j\log4j-to-slf4j\2.14.1\log4j-to-slf4j-2.14.1.jar;C:\Users\pedro\.m2\repository\org\apache\logging\log4j\log4j-api\2.14.1\log4j-api-2.14.1.jar;C:\Users\pedro\.m2\repository\org\slf4j\jul-to-slf4j\1.7.31\jul-to-slf4j-1.7.31.jar;C:\Users\pedro\.m2\repository\jakarta\annotation\jakarta.annotation-api\1.3.5\jakarta.annotation-api-1.3.5.jar;C:\Users\pedro\.m2\repository\org\yaml\snakeyaml\1.28\snakeyaml-1.28.jar;C:\Users\pedro\.m2\repository\org\springframework\boot\spring-boot-starter-json\2.5.2\spring-boot-starter-json-2.5.2.jar;C:\Users\pedro\.m2\repository\com\fasterxml\jackson\datatype\jackson-datatype-jdk8\2.12.3\jackson-datatype-jdk8-2.12.3.jar;C:\Users\pedro\.m2\repository\com\fasterxml\jackson\datatype\jackson-datatype-jsr310\2.12.3\jackson-datatype-jsr310-2.12.3.jar;C:\Users\pedro\.m2\repository\com\fasterxml\jackson\module\jackson-module-parameter-names\2.12.3\jackson-module-parameter-names-2.12.3.jar;C:\Users\pedro\.m2\repository\org\springframework\boot\spring-boot-starter-tomcat\2.5.2\spring-boot-starter-tomcat-2.5.2.jar;C:\Users\pedro\.m2\repository\org\apache\tomcat\embed\tomcat-embed-core\9.0.48\tomcat-embed-core-9.0.48.jar;C:\Users\pedro\.m2\repository\org\apache\tomcat\embed\tomcat-embed-el\9.0.48\tomcat-embed-el-9.0.48.jar;C:\Users\pedro\.m2\reposito
Launcher Type: SUN_STANDARD

[Global flags]
     intx CICompilerCount                          = 4                                         {product} {ergonomic}
     uint ConcGCThreads                            = 2                                         {product} {ergonomic}
     uint G1ConcRefinementThreads                  = 8                                         {product} {ergonomic}
   size_t G1HeapRegionSize                         = 1048576                                   {product} {ergonomic}
    uintx GCDrainStackTargetSize                   = 64                                        {product} {ergonomic}
   size_t InitialHeapSize                          = 132120576                                 {product} {ergonomic}
   size_t MarkStackSize                            = 4194304                                   {product} {ergonomic}
   size_t MaxHeapSize                              = 2105540608                                {product} {ergonomic}
   size_t MaxNewSize                               = 1262485504                                {product} {ergonomic}
   size_t MinHeapDeltaBytes                        = 1048576                                   {product} {ergonomic}
   size_t MinHeapSize                              = 8388608                                   {product} {ergonomic}
    uintx NonNMethodCodeHeapSize                   = 5839372                                {pd product} {ergonomic}
    uintx NonProfiledCodeHeapSize                  = 122909434                              {pd product} {ergonomic}
    uintx ProfiledCodeHeapSize                     = 122909434                              {pd product} {ergonomic}
    uintx ReservedCodeCacheSize                    = 251658240                              {pd product} {ergonomic}
     bool SegmentedCodeCache                       = true                                      {product} {ergonomic}
     bool ShowCodeDetailsInExceptionMessages       = true                                   {manageable} {command line}
   size_t SoftMaxHeapSize                          = 2105540608                             {manageable} {ergonomic}
     bool UseCompressedClassPointers               = true                           {product lp64_product} {ergonomic}
     bool UseCompressedOops                        = true                           {product lp64_product} {ergonomic}
     bool UseG1GC                                  = true                                      {product} {ergonomic}
     bool UseLargePagesIndividualAllocation        = false                                  {pd product} {ergonomic}

Logging:
Log output configuration:
 #0: stdout all=warning uptime,level,tags
 #1: stderr all=off uptime,level,tags

Environment Variables:
PATH=C:/Users/pedro/Downloads/Programas/Executaveis/eclipse//plugins/org.eclipse.justj.openjdk.hotspot.jre.full.win32.x86_64_16.0.1.v20210528-1205/jre/bin/server;C:/Users/pedro/Downloads/Programas/Executaveis/eclipse//plugins/org.eclipse.justj.openjdk.hotspot.jre.full.win32.x86_64_16.0.1.v20210528-1205/jre/bin;C:\Program Files\Common Files\Oracle\Java\javapath;C:\Program Files (x86)\NVIDIA Corporation\PhysX\Common;C:\Windows\system32;C:\Windows;C:\Windows\System32\Wbem;C:\Windows\System32\WindowsPowerShell\v1.0\;C:\Windows\System32\OpenSSH\;C:\Program Files (x86)\nodejs\;C:\Program Files\Git\cmd;C:\Users\pedro\AppData\Local\Microsoft\WindowsApps;;C:\Users\pedro\AppData\Local\Programs\Microsoft VS Code\bin;C:\Users\pedro\AppData\Roaming\npm;C:\Users\pedro\Downloads\Programas\Executaveis\eclipse;
USERNAME=pedro
OS=Windows_NT
PROCESSOR_IDENTIFIER=Intel64 Family 6 Model 158 Stepping 13, GenuineIntel



---------------  S Y S T E M  ---------------

OS:
 Windows 10 , 64 bit Build 19041 (10.0.19041.1023)
OS uptime: 0 days 23:09 hours

CPU: total 8 (initial active 8) (4 cores per cpu, 2 threads per core) family 6 model 158 stepping 13 microcode 0xcc, cx8, cmov, fxsr, ht, mmx, 3dnowpref, sse, sse2, sse3, ssse3, sse4.1, sse4.2, popcnt, lzcnt, tsc, tscinvbit, avx, avx2, aes, erms, clmul, bmi1, bmi2, adx, fma, vzeroupper, clflush, clflushopt

Memory: 4k page, system-wide physical 8029M (904M free)
TotalPageFile size 12029M (AvailPageFile size 24M)
current process WorkingSet (physical memory assigned to process): 230M, peak: 230M
current process commit charge ("private bytes"): 302M, peak: 322M

vm_info: Java HotSpot(TM) 64-Bit Server VM (16.0.1+9-24) for windows-amd64 JRE (16.0.1+9-24), built on Mar 26 2021 19:31:42 by "mach5one" with MS VC++ 16.7 (VS2019)

END.
